1600013624310	geckodriver	INFO	Listening on 127.0.0.1:50667
1600013627368	mozrunner::runner	INFO	Running command: "C:\\Program Files\\Mozilla Firefox\\firefox.exe" "--marionette" "-foreground" "-no-remote" "-profile" "C:\\Users\\MONIL~1.JOS\\AppData\\Local\\Temp\\rust_mozprofileNBzzaK"
JavaScript error: resource://gre/modules/XULStore.jsm, line 66: Error: Can't find profile directory.
1600013630266	Marionette	INFO	Listening on port 50675
1600013632598	Marionette	WARN	TLS certificate errors will be ignored for this session
1600013644895	Marionette	INFO	Stopped listening on port 50675

###!!! [Child][RunMessage] Error: Channel closing: too late to send/recv, messages will be lost


###!!! [Child][MessageChannel::SendAndWait] Error: Channel error: cannot send/recv

1600017880530	geckodriver	INFO	Listening on 127.0.0.1:51135
1600017883585	mozrunner::runner	INFO	Running command: "C:\\Program Files\\Mozilla Firefox\\firefox.exe" "--marionette" "-foreground" "-no-remote" "-profile" "C:\\Users\\MONIL~1.JOS\\AppData\\Local\\Temp\\rust_mozprofileQRfECQ"
JavaScript error: resource://gre/modules/XULStore.jsm, line 66: Error: Can't find profile directory.
1600017886284	Marionette	INFO	Listening on port 51143
1600017887909	Marionette	WARN	TLS certificate errors will be ignored for this session
JavaScript error: https://fedora.teachablecdn.com/packs/student-legacy-3d441666462dfc55b522.js, line 233: TypeError: document.querySelector(...) is null
1600017908877	Marionette	INFO	Stopped listening on port 51143

###!!! [Child][RunMessage] Error: Channel closing: too late to send/recv, messages will be lost


###!!! [Child][MessageChannel::SendAndWait] Error: Channel error: cannot send/recv

1600189610938	geckodriver	INFO	Listening on 127.0.0.1:61645
1600189613957	mozrunner::runner	INFO	Running command: "C:\\Program Files\\Mozilla Firefox\\firefox.exe" "--marionette" "-foreground" "-no-remote" "-profile" "C:\\Users\\MONIL~1.JOS\\AppData\\Local\\Temp\\rust_mozprofileNGGseW"
JavaScript error: resource://gre/modules/XULStore.jsm, line 66: Error: Can't find profile directory.
1600189618785	Marionette	INFO	Listening on port 61666
1600189620004	Marionette	WARN	TLS certificate errors will be ignored for this session
JavaScript error: https://fedora.teachablecdn.com/packs/student-legacy-8f66f397ccd70dcdde9c.js, line 233: TypeError: document.querySelector(...) is null
JavaScript error: , line 0: NS_ERROR_NOT_AVAILABLE
1600194637968	Marionette	INFO	Stopped listening on port 61666

###!!! [Child][RunMessage] Error: Channel closing: too late to send/recv, messages will be lost


###!!! [Child][MessageChannel::SendAndWait] Error: Channel error: cannot send/recv

1600240523855	geckodriver	INFO	Listening on 127.0.0.1:53953
1600240526914	mozrunner::runner	INFO	Running command: "C:\\Program Files\\Mozilla Firefox\\firefox.exe" "--marionette" "-foreground" "-no-remote" "-profile" "C:\\Users\\MONIL~1.JOS\\AppData\\Local\\Temp\\rust_mozprofileYmfSQq"
JavaScript error: resource://gre/modules/XULStore.jsm, line 66: Error: Can't find profile directory.
1600240531540	Marionette	INFO	Listening on port 53961
1600240533183	Marionette	WARN	TLS certificate errors will be ignored for this session
1600240963655	Marionette	INFO	Stopped listening on port 53961

###!!! [Child][RunMessage] Error: Channel closing: too late to send/recv, messages will be lost


###!!! [Child][MessageChannel::SendAndWait] Error: Channel error: cannot send/recv

1600251265760	geckodriver	INFO	Listening on 127.0.0.1:63067
1600251268777	mozrunner::runner	INFO	Running command: "C:\\Program Files\\Mozilla Firefox\\firefox.exe" "--marionette" "-foreground" "-no-remote" "-profile" "C:\\Users\\MONIL~1.JOS\\AppData\\Local\\Temp\\rust_mozprofile1HWMwW"
JavaScript error: resource://gre/modules/XULStore.jsm, line 66: Error: Can't find profile directory.
1600251271232	Marionette	INFO	Listening on port 63086
1600251272501	Marionette	WARN	TLS certificate errors will be ignored for this session
JavaScript error: , line 0: NS_ERROR_NOT_AVAILABLE
1600252313922	Marionette	INFO	Stopped listening on port 63086

###!!! [Child][RunMessage] Error: Channel closing: too late to send/recv, messages will be lost


###!!! [Child][MessageChannel::SendAndWait] Error: Channel error: cannot send/recv

 resource://gre/modules/XULStore.jsm, line 66: Error: Can't find profile directory.
1600251343518	Marionette	INFO	Listening on port 63474
1600251343922	Marionette	WARN	TLS certificate errors will be ignored for this session
JavaScript error: https://fedora.teachablecdn.com/packs/student-legacy-37125f2ffc7e1ee0a7c2.js, line 233: TypeError: document.querySelector(...) is null
JavaScript error: , line 0: NS_ERROR_NOT_AVAILABLE
1600252312377	Marionette	INFO	Stopped listening on port 63474

###!!! [Child][RunMessage] Error: Channel closing: too late to send/recv, messages will be lost


###!!! [Child][MessageChannel::SendAndWait] Error: Channel error: cannot send/recv

1600252322061	geckodriver	INFO	Listening on 127.0.0.1:65527
1600252325107	mozrunner::runner	INFO	Running command: "C:\\Program Files\\Mozilla Firefox\\firefox.exe" "--marionette" "-foreground" "-no-remote" "-profile" "C:\\Users\\MONIL~1.JOS\\AppData\\Local\\Temp\\rust_mozprofilefAY9Bb"
JavaScript error: resource://gre/modules/XULStore.jsm, line 66: Error: Can't find profile directory.
1600252327662	Marionette	INFO	Listening on port 49159
1600252327741	Marionette	WARN	TLS certificate errors will be ignored for this session
1600253081638	Marionette	INFO	Stopped listening on port 49159

###!!! [Child][RunMessage] Error: Channel closing: too late to send/recv, messages will be lost


###!!! [Child][MessageChannel::SendAndWait] Error: Channel error: cannot send/recv

1600253090734	geckodriver	INFO	Listening on 127.0.0.1:50927
1600253093758	mozrunner::runner	INFO	Running command: "C:\\Program Files\\Mozilla Firefox\\firefox.exe" "--marionette" "-foreground" "-no-remote" "-profile" "C:\\Users\\MONIL~1.JOS\\AppData\\Local\\Temp\\rust_mozprofilenqBhfg"
JavaScript error: resource://gre/modules/XULStore.jsm, line 66: Error: Can't find profile directory.
1600253096358	Marionette	INFO	Listening on port 50942
1600253098042	Marionette	WARN	TLS certificate errors will be ignored for this session
