1599932764800	geckodriver	INFO	Listening on 127.0.0.1:50986
1599932767834	mozrunner::runner	INFO	Running command: "C:\\Program Files\\Mozilla Firefox\\firefox.exe" "--marionette" "-foreground" "-no-remote" "-profile" "C:\\Users\\MONIL~1.JOS\\AppData\\Local\\Temp\\rust_mozprofileke0OlZ"
JavaScript error: resource://gre/modules/XULStore.jsm, line 66: Error: Can't find profile directory.
1599932774895	Marionette	INFO	Listening on port 50994
1599932775208	Marionette	WARN	TLS certificate errors will be ignored for this session
JavaScript error: https://fedora.teachablecdn.com/packs/student-legacy-3d441666462dfc55b522.js, line 233: TypeError: document.querySelector(...) is null
JavaScript error: https://fedora.teachablecdn.com/packs/student-legacy-3d441666462dfc55b522.js, line 233: TypeError: document.querySelector(...) is null
JavaScript error: https://fedora.teachablecdn.com/packs/student-legacy-3d441666462dfc55b522.js, line 233: TypeError: document.querySelector(...) is null
1599932814377	Marionette	INFO	Stopped listening on port 50994

###!!! [Child][RunMessage] Error: Channel closing: too late to send/recv, messages will be lost


###!!! [Child][MessageChannel::SendAndWait] Error: Channel error: cannot send/recv

1599933719772	geckodriver	INFO	Listening on 127.0.0.1:51270
1599933722799	mozrunner::runner	INFO	Running command: "C:\\Program Files\\Mozilla Firefox\\firefox.exe" "--marionette" "-foreground" "-no-remote" "-profile" "C:\\Users\\MONIL~1.JOS\\AppData\\Local\\Temp\\rust_mozprofileyBVdMJ"
JavaScript error: resource://gre/modules/XULStore.jsm, line 66: Error: Can't find profile directory.
1599933728436	Marionette	INFO	Listening on port 51278
1599933728602	Marionette	WARN	TLS certificate errors will be ignored for this session
console.warn: LoginRecipes: "getRecipes: falling back to a synchronous message for:" "https://sso.teachable.com"
console.error: "Store does not have a valid reducer. Make sure the argument passed to combineReducers is an object whose values are reducers."
1599934119969	Marionette	INFO	Stopped listening on port 51278

###!!! [Child][RunMessage] Error: Channel closing: too late to send/recv, messages will be lost


###!!! [Child][MessageChannel::SendAndWait] Error: Channel error: cannot send/recv

ocal\\Temp\\rust_mozprofile0fXd5U"
JavaScript error: resource://gre/modules/XULStore.jsm, line 66: Error: Can't find profile directory.
1599934123450	Marionette	INFO	Listening on port 51426
1599934123627	Marionette	WARN	TLS certificate errors will be ignored for this session
console.error: services.settings: 
  Message: TypeError: NetworkError when attempting to fetch resource.
console.error: services.settings: 
  Message: NetworkOfflineError: Network is offline
  Stack:
    NetworkOfflineError@resource://services-settings/RemoteSettingsClient.jsm:124:5
maybeSync@resource://services-settings/RemoteSettingsClient.jsm:449:15
remoteSettingsFunction/remoteSettings.pollChanges@resource://services-settings/remote-settings.js:310:22

console.error: services.settings: 
  Message: NetworkOfflineError: Network is offline
  Stack:
    NetworkOfflineError@resource://services-settings/RemoteSettingsClient.jsm:124:5
maybeSync@resource://services-settings/RemoteSettingsClient.jsm:449:15
remoteSettingsFunction/remoteSettings.pollChanges@resource://services-settings/remote-settings.js:310:22

console.error: services.settings: 
  Message: NetworkOfflineError: Network is offline
  Stack:
    NetworkOfflineError@resource://services-settings/RemoteSettingsClient.jsm:124:5
maybeSync@resource://services-settings/RemoteSettingsClient.jsm:449:15
remoteSettingsFunction/remoteSettings.pollChanges@resource://services-settings/remote-settings.js:310:22

console.error: services.settings: 
  Message: NetworkOfflineError: Network is offline
  Stack:
    NetworkOfflineError@resource://services-settings/RemoteSettingsClient.jsm:124:5
maybeSync@resource://services-settings/RemoteSettingsClient.jsm:449:15
remoteSettingsFunction/remoteSettings.pollChanges@resource://services-settings/remote-settings.js:310:22

console.error: services.settings: 
  Message: NetworkOfflineError: Network is offline
  Stack:
    NetworkOfflineError@resource://services-settings/RemoteSettingsClient.jsm:124:5
maybeSync@resource://services-settings/RemoteSettingsClient.jsm:449:15
remoteSettingsFunction/remoteSettings.pollChanges@resource://services-settings/remote-settings.js:310:22

console.error: services.settings: 
  Message: NetworkOfflineError: Network is offline
  Stack:
    NetworkOfflineError@resource://services-settings/RemoteSettingsClient.jsm:124:5
maybeSync@resource://services-settings/RemoteSettingsClient.jsm:449:15
remoteSettingsFunction/remoteSettings.pollChanges@resource://services-settings/remote-settings.js:310:22

console.error: services.settings: 
  Message: NetworkOfflineError: Network is offline
  Stack:
    NetworkOfflineError@resource://services-settings/RemoteSettingsClient.jsm:124:5
maybeSync@resource://services-settings/RemoteSettingsClient.jsm:449:15
remoteSettingsFunction/remoteSettings.pollChanges@resource://services-settings/remote-settings.js:310:22

console.error: services.settings: 
  Message: NetworkOfflineError: Network is offline
  Stack:
    NetworkOfflineError@resource://services-settings/RemoteSettingsClient.jsm:124:5
maybeSync@resource://services-settings/RemoteSettingsClient.jsm:449:15
remoteSettingsFunction/remoteSettings.pollChanges@resource://services-settings/remote-settings.js:310:22

console.error: services.settings: 
  Message: NetworkOfflineError: Network is offline
  Stack:
    NetworkOfflineError@resource://services-settings/RemoteSettingsClient.jsm:124:5
maybeSync@resource://services-settings/RemoteSettingsClient.jsm:449:15
remoteSettingsFunction/remoteSettings.pollChanges@resource://services-settings/remote-settings.js:310:22

console.error: services.settings: 
  Message: NetworkOfflineError: Network is offline
  Stack:
    NetworkOfflineError@resource://services-settings/RemoteSettingsClient.jsm:124:5
maybeSync@resource://services-settings/RemoteSettingsClient.jsm:449:15
remoteSettingsFunction/remoteSettings.pollChanges@resource://services-settings/remote-settings.js:310:22

console.error: services.settings: 
  Message: NetworkOfflineError: Network is offline
  Stack:
    NetworkOfflineError@resource://services-settings/RemoteSettingsClient.jsm:124:5
maybeSync@resource://services-settings/RemoteSettingsClient.jsm:449:15
remoteSettingsFunction/remoteSettings.pollChanges@resource://services-settings/remote-settings.js:310:22

JavaScript error: , line 0: NS_ERROR_NOT_AVAILABLE
1599935287959	Marionette	INFO	Stopped listening on port 51426

###!!! [Child][RunMessage] Error: Channel closing: too late to send/recv, messages will be lost


###!!! [Child][MessageChannel::SendAndWait] Error: Channel error: cannot send/recv

ocal\\Temp\\rust_mozprofileyscMLo"
JavaScript error: resource://gre/modules/XULStore.jsm, line 66: Error: Can't find profile directory.
1599935064025	Marionette	INFO	Listening on port 51787
1599935064770	Marionette	WARN	TLS certificate errors will be ignored for this session
console.error: "Store does not have a valid reducer. Make sure the argument passed to combineReducers is an object whose values are reducers."
1599935286455	Marionette	INFO	Stopped listening on port 51787

###!!! [Child][RunMessage] Error: Channel closing: too late to send/recv, messages will be lost


###!!! [Child][MessageChannel::SendAndWait] Error: Channel error: cannot send/recv

1599940374015	geckodriver	INFO	Listening on 127.0.0.1:52448
1599940377066	mozrunner::runner	INFO	Running command: "C:\\Program Files\\Mozilla Firefox\\firefox.exe" "--marionette" "-foreground" "-no-remote" "-profile" "C:\\Users\\MONIL~1.JOS\\AppData\\Local\\Temp\\rust_mozprofileSBYRsP"
JavaScript error: resource://gre/modules/XULStore.jsm, line 66: Error: Can't find profile directory.
1599940380342	Marionette	INFO	Listening on port 52456
1599940382128	Marionette	WARN	TLS certificate errors will be ignored for this session
1599940498967	Marionette	INFO	Stopped listening on port 52456

###!!! [Child][RunMessage] Error: Channel closing: too late to send/recv, messages will be lost


###!!! [Child][MessageChannel::SendAndWait] Error: Channel error: cannot send/recv

ocal\\Temp\\rust_mozprofileugO9rb"
JavaScript error: resource://gre/modules/XULStore.jsm, line 66: Error: Can't find profile directory.
1599940421323	Marionette	INFO	Listening on port 52512
1599940422945	Marionette	WARN	TLS certificate errors will be ignored for this session
1599940495043	Marionette	INFO	Stopped listening on port 52512

###!!! [Child][RunMessage] Error: Channel closing: too late to send/recv, messages will be lost


###!!! [Child][MessageChannel::SendAndWait] Error: Channel error: cannot send/recv

1599940920989	geckodriver	INFO	Listening on 127.0.0.1:52668
1599940924027	mozrunner::runner	INFO	Running command: "C:\\Program Files\\Mozilla Firefox\\firefox.exe" "--marionette" "-foreground" "-no-remote" "-profile" "C:\\Users\\MONIL~1.JOS\\AppData\\Local\\Temp\\rust_mozprofileVYHTGc"
JavaScript error: resource://gre/modules/XULStore.jsm, line 66: Error: Can't find profile directory.
1599940927170	Marionette	INFO	Listening on port 52676
1599940928397	Marionette	WARN	TLS certificate errors will be ignored for this session
1599940979841	Marionette	INFO	Stopped listening on port 52676

###!!! [Child][RunMessage] Error: Channel closing: too late to send/recv, messages will be lost


###!!! [Child][MessageChannel::SendAndWait] Error: Channel error: cannot send/recv

1599940983368	geckodriver	INFO	Listening on 127.0.0.1:52777
1599940986413	mozrunner::runner	INFO	Running command: "C:\\Program Files\\Mozilla Firefox\\firefox.exe" "--marionette" "-foreground" "-no-remote" "-profile" "C:\\Users\\MONIL~1.JOS\\AppData\\Local\\Temp\\rust_mozprofileKMwqEg"
JavaScript error: resource://gre/modules/XULStore.jsm, line 66: Error: Can't find profile directory.
1599940989889	Marionette	INFO	Listening on port 52786
1599940990114	Marionette	WARN	TLS certificate errors will be ignored for this session
1599941010826	Marionette	INFO	Stopped listening on port 52786

###!!! [Child][RunMessage] Error: Channel closing: too late to send/recv, messages will be lost


###!!! [Child][MessageChannel::SendAndWait] Error: Channel error: cannot send/recv

1599941743257	geckodriver	INFO	Listening on 127.0.0.1:52995
1599941746318	mozrunner::runner	INFO	Running command: "C:\\Program Files\\Mozilla Firefox\\firefox.exe" "--marionette" "-foreground" "-no-remote" "-profile" "C:\\Users\\MONIL~1.JOS\\AppData\\Local\\Temp\\rust_mozprofileDqQ4dv"
JavaScript error: resource://gre/modules/XULStore.jsm, line 66: Error: Can't find profile directory.
1599941749679	Marionette	INFO	Listening on port 53003
1599941750680	Marionette	WARN	TLS certificate errors will be ignored for this session
1599941941904	Marionette	INFO	Stopped listening on port 53003

###!!! [Child][RunMessage] Error: Channel closing: too late to send/recv, messages will be lost


###!!! [Child][MessageChannel::SendAndWait] Error: Channel error: cannot send/recv

ocal\\Temp\\rust_mozprofileB0vGsS"
JavaScript error: resource://gre/modules/XULStore.jsm, line 66: Error: Can't find profile directory.
1599941832561	Marionette	INFO	Listening on port 53103
1599941833679	Marionette	WARN	TLS certificate errors will be ignored for this session
1599941860240	Marionette	INFO	Stopped listening on port 53103

###!!! [Child][MessageChannel::SendAndWait] Error: Channel error: cannot send/recv

1599974981447	geckodriver	INFO	Listening on 127.0.0.1:54080
1599974984452	mozrunner::runner	INFO	Running command: "C:\\Program Files\\Mozilla Firefox\\firefox.exe" "--marionette" "-foreground" "-no-remote" "-profile" "C:\\Users\\MONIL~1.JOS\\AppData\\Local\\Temp\\rust_mozprofiles4lU8i"
JavaScript error: resource://gre/modules/XULStore.jsm, line 66: Error: Can't find profile directory.
1599974989751	Marionette	INFO	Listening on port 54088
1599974990400	Marionette	WARN	TLS certificate errors will be ignored for this session
1599975012482	Marionette	INFO	Stopped listening on port 54088

###!!! [Child][RunMessage] Error: Channel closing: too late to send/recv, messages will be lost


###!!! [Child][MessageChannel::SendAndWait] Error: Channel error: cannot send/recv

